INFO 2025-10-08 06:39:32,294 autoreload 238200 124922815436608 Watching for file changes with StatReloader
INFO 2025-10-08 07:06:26,826 autoreload 238200 124922815436608 /home/aswin/MindNotes/mindnotesBackend/mindnotesBackend/urls.py changed, reloading.
INFO 2025-10-08 07:06:27,505 autoreload 245359 131444667144000 Watching for file changes with StatReloader
INFO 2025-10-08 07:06:45,884 autoreload 245359 131444667144000 /home/aswin/MindNotes/mindnotesBackend/api/v1/journals/views.py changed, reloading.
INFO 2025-10-08 07:06:46,242 autoreload 245557 130811957090112 Watching for file changes with StatReloader
INFO 2025-10-08 07:06:49,371 autoreload 245557 130811957090112 /home/aswin/MindNotes/mindnotesBackend/api/v1/journals/urls.py changed, reloading.
INFO 2025-10-08 07:06:49,931 autoreload 245698 139814483195712 Watching for file changes with StatReloader
INFO 2025-10-08 07:07:04,839 autoreload 245912 128795452032832 Watching for file changes with StatReloader
INFO 2025-10-08 07:07:11,003 autoreload 245912 128795452032832 /home/aswin/MindNotes/mindnotesBackend/api/v1/analytics/views.py changed, reloading.
INFO 2025-10-08 07:07:11,607 autoreload 246082 136827738027840 Watching for file changes with StatReloader
INFO 2025-10-08 07:07:13,721 autoreload 246082 136827738027840 /home/aswin/MindNotes/mindnotesBackend/api/v1/analytics/urls.py changed, reloading.
INFO 2025-10-08 07:07:14,264 autoreload 246209 132342785566528 Watching for file changes with StatReloader
INFO 2025-10-08 07:07:44,848 autoreload 246209 132342785566528 /home/aswin/MindNotes/mindnotesBackend/mindnotesBackend/urls.py changed, reloading.
INFO 2025-10-08 07:07:45,475 autoreload 246642 137315576358720 Watching for file changes with StatReloader
INFO 2025-10-08 07:08:15,198 autoreload 246642 137315576358720 /home/aswin/MindNotes/mindnotesBackend/mindnotesBackend/urls.py changed, reloading.
INFO 2025-10-08 07:08:15,708 autoreload 246876 131131150157632 Watching for file changes with StatReloader
INFO 2025-10-08 07:08:33,098 autoreload 246876 131131150157632 /home/aswin/MindNotes/mindnotesBackend/mindnotesBackend/urls.py changed, reloading.
INFO 2025-10-08 07:08:33,911 autoreload 247117 137926653556544 Watching for file changes with StatReloader
INFO 2025-10-08 07:08:35,101 autoreload 247117 137926653556544 /home/aswin/MindNotes/mindnotesBackend/mindnotesBackend/urls.py changed, reloading.
INFO 2025-10-08 07:08:35,596 autoreload 247161 132610858460992 Watching for file changes with StatReloader
INFO 2025-10-08 07:10:32,523 autoreload 247161 132610858460992 /home/aswin/MindNotes/mindnotesBackend/mindnotesBackend/urls.py changed, reloading.
INFO 2025-10-08 07:10:32,920 autoreload 247677 134623160858432 Watching for file changes with StatReloader
INFO 2025-10-08 07:10:34,114 autoreload 247677 134623160858432 /home/aswin/MindNotes/mindnotesBackend/mindnotesBackend/urls.py changed, reloading.
INFO 2025-10-08 07:10:34,649 autoreload 247748 139401624430400 Watching for file changes with StatReloader
INFO 2025-10-08 07:10:41,853 autoreload 247748 139401624430400 /home/aswin/MindNotes/mindnotesBackend/api/v1/journals/urls.py changed, reloading.
INFO 2025-10-08 07:10:42,316 autoreload 247851 136407965108032 Watching for file changes with StatReloader
INFO 2025-10-08 07:10:50,520 autoreload 247851 136407965108032 /home/aswin/MindNotes/mindnotesBackend/api/v1/journals/urls.py changed, reloading.
INFO 2025-10-08 07:10:51,057 autoreload 248456 128253012838208 Watching for file changes with StatReloader
INFO 2025-10-08 07:10:58,254 autoreload 248456 128253012838208 /home/aswin/MindNotes/mindnotesBackend/api/v1/journals/urls.py changed, reloading.
INFO 2025-10-08 07:10:58,761 autoreload 248711 136058630293312 Watching for file changes with StatReloader
INFO 2025-10-08 07:11:39,510 autoreload 248711 136058630293312 /home/aswin/MindNotes/mindnotesBackend/mindnotesBackend/urls.py changed, reloading.
INFO 2025-10-08 07:11:40,003 autoreload 249868 133616001255232 Watching for file changes with StatReloader
WARNING 2025-10-08 07:13:20,612 log 249868 133615676548672 Bad Request: /api/v1/authentication/login
WARNING 2025-10-08 07:13:20,612 basehttp 249868 133615676548672 "POST /api/v1/authentication/login HTTP/1.1" 400 156
WARNING 2025-10-08 07:13:40,138 log 249868 133615676548672 Unauthorized: /api/v1/authentication/profile
WARNING 2025-10-08 07:13:40,138 basehttp 249868 133615676548672 "GET /api/v1/authentication/profile HTTP/1.1" 401 172
INFO 2025-10-08 07:19:59,156 autoreload 253217 135026254735168 Watching for file changes with StatReloader
WARNING 2025-10-08 07:20:06,122 log 253217 135025852937792 Bad Request: /api/v1/authentication/login
WARNING 2025-10-08 07:20:06,123 basehttp 253217 135025852937792 "POST /api/v1/authentication/login HTTP/1.1" 400 156
INFO 2025-10-08 07:20:15,176 basehttp 253217 135025852937792 "POST /api/v1/authentication/signup HTTP/1.1" 201 1363
INFO 2025-10-08 07:20:23,717 basehttp 253217 135025852937792 "POST /api/v1/authentication/login HTTP/1.1" 200 1356
INFO 2025-10-08 08:22:12,641 basehttp 253217 135025844545088 "POST /api/v1/authentication/logout HTTP/1.1" 200 92
INFO 2025-10-08 08:22:34,343 basehttp 253217 135025844545088 "GET /api/v1/authentication/profile HTTP/1.1" 200 851
INFO 2025-10-08 09:04:28,635 autoreload 253217 135026254735168 /home/aswin/MindNotes/mindnotesBackend/api/v1/authentication/serializers.py changed, reloading.
INFO 2025-10-08 09:04:29,263 autoreload 276194 130892688230208 Watching for file changes with StatReloader
WARNING 2025-10-08 09:17:58,595 log 276194 130892362147392 Not Found: /api/project/report/tracker-biometric-overview
WARNING 2025-10-08 09:17:58,595 basehttp 276194 130892362147392 "POST /api/project/report/tracker-biometric-overview HTTP/1.1" 404 3170
INFO 2025-10-08 13:55:06,497 autoreload 354546 127948087252800 Watching for file changes with StatReloader
INFO 2025-10-08 13:55:09,434 basehttp 354546 127947760461376 "GET /api/v1/subscriptions/profile HTTP/1.1" 301 0
ERROR 2025-10-08 13:55:09,448 log 354546 127947760461376 Internal Server Error: /api/v1/subscriptions/profile/
ERROR 2025-10-08 13:55:09,448 basehttp 354546 127947760461376 "GET /api/v1/subscriptions/profile/ HTTP/1.1" 500 234
INFO 2025-10-08 13:55:36,929 autoreload 354831 134079014594368 Watching for file changes with StatReloader
INFO 2025-10-08 13:55:38,623 basehttp 354831 134078611322432 "GET /api/v1/subscriptions/profile HTTP/1.1" 301 0
INFO 2025-10-08 13:55:38,664 basehttp 354831 134078611322432 "GET /api/v1/subscriptions/profile/ HTTP/1.1" 200 623
WARNING 2025-10-08 13:58:14,703 log 354831 134078602929728 Not Found: /api/v1/subscriptions/profile/subscriptions/me/
WARNING 2025-10-08 13:58:14,703 basehttp 354831 134078602929728 "GET /api/v1/subscriptions/profile/subscriptions/me/ HTTP/1.1" 404 3897
WARNING 2025-10-08 13:58:36,019 log 354831 134078602929728 Not Found: /api/v1/subscriptions/me/
WARNING 2025-10-08 13:58:36,019 basehttp 354831 134078602929728 "GET /api/v1/subscriptions/me/ HTTP/1.1" 404 3831
INFO 2025-10-08 13:58:51,324 autoreload 354831 134079014594368 /home/aswin/MindNotes/mindnotesBackend/api/v1/subscriptions/urls.py changed, reloading.
INFO 2025-10-08 13:58:51,854 autoreload 355679 136645994846016 Watching for file changes with StatReloader
INFO 2025-10-08 13:58:54,047 autoreload 355679 136645994846016 /home/aswin/MindNotes/mindnotesBackend/api/v1/subscriptions/urls.py changed, reloading.
INFO 2025-10-08 13:58:54,643 autoreload 355738 134169864910656 Watching for file changes with StatReloader
WARNING 2025-10-08 13:58:55,183 log 355738 134169602549312 Not Found: /api/v1/subscriptions/me/
WARNING 2025-10-08 13:58:55,183 basehttp 355738 134169602549312 "GET /api/v1/subscriptions/me/ HTTP/1.1" 404 3816
INFO 2025-10-08 13:59:10,617 basehttp 355738 134169602549312 "GET /api/v1/subscriptions/me HTTP/1.1" 200 395
INFO 2025-10-08 14:01:38,677 autoreload 355738 134169864910656 /home/aswin/MindNotes/mindnotesBackend/api/v1/subscriptions/urls.py changed, reloading.
INFO 2025-10-08 14:01:39,482 autoreload 356532 125107709740864 Watching for file changes with StatReloader
INFO 2025-10-08 14:01:40,683 autoreload 356532 125107709740864 /home/aswin/MindNotes/mindnotesBackend/api/v1/subscriptions/urls.py changed, reloading.
INFO 2025-10-08 14:01:41,214 autoreload 356578 136386008766272 Watching for file changes with StatReloader
WARNING 2025-10-08 14:01:47,536 log 356578 136385679849024 Unauthorized: /api/v1/subscriptions/payments
WARNING 2025-10-08 14:01:47,536 basehttp 356578 136385679849024 "GET /api/v1/subscriptions/payments HTTP/1.1" 401 58
INFO 2025-10-08 14:01:56,373 basehttp 356578 136385679849024 "GET /api/v1/subscriptions/payments HTTP/1.1" 200 2
INFO 2025-10-08 14:01:57,305 basehttp 356578 136385679849024 "GET /api/v1/subscriptions/payments HTTP/1.1" 200 2
INFO 2025-10-08 14:01:58,029 basehttp 356578 136385679849024 "GET /api/v1/subscriptions/payments HTTP/1.1" 200 2
INFO 2025-10-08 14:01:58,491 basehttp 356578 136385679849024 "GET /api/v1/subscriptions/payments HTTP/1.1" 200 2
INFO 2025-10-08 14:01:58,855 basehttp 356578 136385679849024 "GET /api/v1/subscriptions/payments HTTP/1.1" 200 2
INFO 2025-10-08 14:07:34,605 basehttp 356578 136385671456320 "GET /api/v1/subscriptions/me HTTP/1.1" 200 395
INFO 2025-10-08 14:07:39,615 basehttp 356578 136385671456320 "GET /api/v1/subscriptions/profile HTTP/1.1" 301 0
INFO 2025-10-08 14:07:39,630 basehttp 356578 136385671456320 "GET /api/v1/subscriptions/profile/ HTTP/1.1" 200 623
INFO 2025-10-08 14:08:20,652 autoreload 356578 136386008766272 /home/aswin/MindNotes/mindnotesBackend/core/services.py changed, reloading.
INFO 2025-10-08 14:08:21,456 autoreload 358133 133395324204864 Watching for file changes with StatReloader
INFO 2025-10-08 14:09:05,191 autoreload 358133 133395324204864 /home/aswin/MindNotes/mindnotesBackend/api/v1/authentication/serializers.py changed, reloading.
INFO 2025-10-08 14:09:05,775 autoreload 358406 139068059944768 Watching for file changes with StatReloader
INFO 2025-10-08 14:10:14,093 autoreload 358406 139068059944768 /home/aswin/MindNotes/mindnotesBackend/api/v1/authentication/views.py changed, reloading.
INFO 2025-10-08 14:10:14,555 autoreload 358710 131218194933568 Watching for file changes with StatReloader
INFO 2025-10-08 14:10:44,192 autoreload 358710 131218194933568 /home/aswin/MindNotes/mindnotesBackend/api/v1/authentication/urls.py changed, reloading.
INFO 2025-10-08 14:10:44,814 autoreload 358978 132655940937536 Watching for file changes with StatReloader
INFO 2025-10-08 14:11:59,089 autoreload 358978 132655940937536 /home/aswin/MindNotes/mindnotesBackend/core/services.py changed, reloading.
INFO 2025-10-08 14:11:59,585 autoreload 359395 127112757561152 Watching for file changes with StatReloader
INFO 2025-10-08 14:12:11,868 autoreload 359395 127112757561152 /home/aswin/MindNotes/mindnotesBackend/core/services.py changed, reloading.
INFO 2025-10-08 14:12:12,283 autoreload 359506 124350570764096 Watching for file changes with StatReloader
INFO 2025-10-08 14:12:15,393 autoreload 359506 124350570764096 /home/aswin/MindNotes/mindnotesBackend/core/services.py changed, reloading.
INFO 2025-10-08 14:12:15,989 autoreload 359579 130568967219008 Watching for file changes with StatReloader
INFO 2025-10-08 14:12:18,096 autoreload 359579 130568967219008 /home/aswin/MindNotes/mindnotesBackend/core/services.py changed, reloading.
INFO 2025-10-08 14:12:18,769 autoreload 359641 140557445404480 Watching for file changes with StatReloader
INFO 2025-10-08 14:12:19,880 autoreload 359641 140557445404480 /home/aswin/MindNotes/mindnotesBackend/core/services.py changed, reloading.
INFO 2025-10-08 14:12:20,503 autoreload 359682 136380519905088 Watching for file changes with StatReloader
INFO 2025-10-08 14:12:22,643 autoreload 359682 136380519905088 /home/aswin/MindNotes/mindnotesBackend/core/services.py changed, reloading.
INFO 2025-10-08 14:12:23,236 autoreload 359757 138939903911744 Watching for file changes with StatReloader
INFO 2025-10-08 14:12:26,381 autoreload 359757 138939903911744 /home/aswin/MindNotes/mindnotesBackend/core/services.py changed, reloading.
INFO 2025-10-08 14:12:26,935 autoreload 359817 129815096514368 Watching for file changes with StatReloader
INFO 2025-10-08 14:13:44,468 autoreload 359817 129815096514368 /home/aswin/MindNotes/mindnotesBackend/api/v1/authentication/urls.py changed, reloading.
INFO 2025-10-08 14:13:45,235 autoreload 360331 137676639364928 Watching for file changes with StatReloader
WARNING 2025-10-08 14:14:25,263 log 360331 137676376237632 Not Found: /api/v1/authetication/home
WARNING 2025-10-08 14:14:25,263 basehttp 360331 137676376237632 "GET /api/v1/authetication/home HTTP/1.1" 404 3109
WARNING 2025-10-08 14:14:26,757 log 360331 137676376237632 Not Found: /api/v1/authetication/home
WARNING 2025-10-08 14:14:26,757 basehttp 360331 137676376237632 "GET /api/v1/authetication/home HTTP/1.1" 404 3109
INFO 2025-10-08 14:14:55,437 basehttp 360331 137676376237632 "GET /api/v1/authentication/home HTTP/1.1" 200 612
INFO 2025-10-08 14:16:14,956 autoreload 360331 137676639364928 /home/aswin/MindNotes/mindnotesBackend/api/v1/authentication/urls.py changed, reloading.
INFO 2025-10-08 14:16:15,636 autoreload 361032 140285805815616 Watching for file changes with StatReloader
INFO 2025-10-08 14:16:19,861 autoreload 361032 140285805815616 /home/aswin/MindNotes/mindnotesBackend/api/v1/authentication/urls.py changed, reloading.
INFO 2025-10-08 14:16:20,394 autoreload 361131 131873802811200 Watching for file changes with StatReloader
INFO 2025-10-08 14:16:22,618 autoreload 361131 131873802811200 /home/aswin/MindNotes/mindnotesBackend/api/v1/authentication/urls.py changed, reloading.
INFO 2025-10-08 14:16:23,102 autoreload 361230 140327782590272 Watching for file changes with StatReloader
INFO 2025-10-08 14:16:28,384 autoreload 361230 140327782590272 /home/aswin/MindNotes/mindnotesBackend/api/v1/authentication/urls.py changed, reloading.
INFO 2025-10-08 14:16:28,827 autoreload 361320 135430419359552 Watching for file changes with StatReloader
INFO 2025-10-08 14:16:35,071 autoreload 361320 135430419359552 /home/aswin/MindNotes/mindnotesBackend/api/v1/authentication/views.py changed, reloading.
INFO 2025-10-08 14:16:35,584 autoreload 361450 123420448954176 Watching for file changes with StatReloader
INFO 2025-10-08 14:16:39,816 autoreload 361450 123420448954176 /home/aswin/MindNotes/mindnotesBackend/api/v1/authentication/views.py changed, reloading.
INFO 2025-10-08 14:16:40,311 autoreload 361611 140280736048960 Watching for file changes with StatReloader
INFO 2025-10-08 14:16:49,674 basehttp 361611 140280407782976 "POST /api/v1/authentication/home HTTP/1.1" 200 612
INFO 2025-10-08 14:22:12,575 autoreload 361611 140280736048960 /home/aswin/MindNotes/mindnotesBackend/api/v1/journals/urls.py changed, reloading.
INFO 2025-10-08 14:22:13,452 autoreload 363284 125973753214784 Watching for file changes with StatReloader
INFO 2025-10-08 14:23:30,018 autoreload 363284 125973753214784 /home/aswin/MindNotes/mindnotesBackend/api/v1/journals/views.py changed, reloading.
INFO 2025-10-08 14:23:30,736 autoreload 364036 136365310039872 Watching for file changes with StatReloader
INFO 2025-10-08 14:24:34,967 autoreload 364036 136365310039872 /home/aswin/MindNotes/mindnotesBackend/api/v1/journals/views.py changed, reloading.
INFO 2025-10-08 14:24:35,523 autoreload 364432 135213278627648 Watching for file changes with StatReloader
INFO 2025-10-08 14:24:41,690 autoreload 364432 135213278627648 /home/aswin/MindNotes/mindnotesBackend/api/v1/journals/urls.py changed, reloading.
INFO 2025-10-08 14:24:42,232 autoreload 364598 127844341053248 Watching for file changes with StatReloader
INFO 2025-10-08 14:24:44,342 autoreload 364598 127844341053248 /home/aswin/MindNotes/mindnotesBackend/api/v1/journals/urls.py changed, reloading.
INFO 2025-10-08 14:24:44,921 autoreload 364649 131225935476544 Watching for file changes with StatReloader
INFO 2025-10-08 14:24:47,024 autoreload 364649 131225935476544 /home/aswin/MindNotes/mindnotesBackend/api/v1/journals/urls.py changed, reloading.
INFO 2025-10-08 14:24:47,618 autoreload 364709 137171557775168 Watching for file changes with StatReloader
INFO 2025-10-08 14:25:05,148 autoreload 364709 137171557775168 /home/aswin/MindNotes/mindnotesBackend/api/v1/journals/views.py changed, reloading.
INFO 2025-10-08 14:25:05,841 autoreload 364843 135696890607424 Watching for file changes with StatReloader
INFO 2025-10-08 14:25:08,952 autoreload 364843 135696890607424 /home/aswin/MindNotes/mindnotesBackend/api/v1/journals/views.py changed, reloading.
INFO 2025-10-08 14:25:09,596 autoreload 364913 126632040912704 Watching for file changes with StatReloader
INFO 2025-10-08 14:25:27,012 autoreload 364913 126632040912704 /home/aswin/MindNotes/mindnotesBackend/api/v1/journals/views.py changed, reloading.
INFO 2025-10-08 14:25:27,831 autoreload 365017 131827947792192 Watching for file changes with StatReloader
INFO 2025-10-08 14:25:31,036 autoreload 365017 131827947792192 /home/aswin/MindNotes/mindnotesBackend/api/v1/journals/views.py changed, reloading.
INFO 2025-10-08 14:25:31,548 autoreload 365074 140052689102656 Watching for file changes with StatReloader
INFO 2025-10-08 14:25:33,647 autoreload 365074 140052689102656 /home/aswin/MindNotes/mindnotesBackend/api/v1/journals/views.py changed, reloading.
INFO 2025-10-08 14:25:34,271 autoreload 365145 134633470584640 Watching for file changes with StatReloader
INFO 2025-10-08 14:27:40,067 basehttp 365145 134633143395904 "GET /api/v1/journals/list HTTP/1.1" 200 188
ERROR 2025-10-08 14:27:58,129 log 365145 134633143395904 Internal Server Error: /api/v1/journals/create
ERROR 2025-10-08 14:27:58,129 basehttp 365145 134633143395904 "POST /api/v1/journals/create HTTP/1.1" 500 240
ERROR 2025-10-08 14:28:38,969 log 365145 134633143395904 Internal Server Error: /api/v1/journals/create
ERROR 2025-10-08 14:28:38,969 basehttp 365145 134633143395904 "POST /api/v1/journals/create HTTP/1.1" 500 240
INFO 2025-10-08 14:29:34,909 autoreload 366201 123353261983552 Watching for file changes with StatReloader
INFO 2025-10-08 14:29:41,263 autoreload 366201 123353261983552 /home/aswin/MindNotes/mindnotesBackend/core/services.py changed, reloading.
INFO 2025-10-08 14:29:42,172 autoreload 366379 124870112282432 Watching for file changes with StatReloader
ERROR 2025-10-08 14:31:45,530 log 366379 124869786199616 Internal Server Error: /api/v1/journals/create
ERROR 2025-10-08 14:31:45,530 basehttp 366379 124869786199616 "POST /api/v1/journals/create HTTP/1.1" 500 157
ERROR 2025-10-08 14:31:48,187 log 366379 124869786199616 Internal Server Error: /api/v1/journals/create
ERROR 2025-10-08 14:31:48,187 basehttp 366379 124869786199616 "POST /api/v1/journals/create HTTP/1.1" 500 157
ERROR 2025-10-08 14:31:48,918 log 366379 124869786199616 Internal Server Error: /api/v1/journals/create
ERROR 2025-10-08 14:31:48,919 basehttp 366379 124869786199616 "POST /api/v1/journals/create HTTP/1.1" 500 157
ERROR 2025-10-08 14:31:49,602 log 366379 124869786199616 Internal Server Error: /api/v1/journals/create
ERROR 2025-10-08 14:31:49,602 basehttp 366379 124869786199616 "POST /api/v1/journals/create HTTP/1.1" 500 157
ERROR 2025-10-08 14:31:50,089 log 366379 124869786199616 Internal Server Error: /api/v1/journals/create
ERROR 2025-10-08 14:31:50,089 basehttp 366379 124869786199616 "POST /api/v1/journals/create HTTP/1.1" 500 157
ERROR 2025-10-08 14:31:50,552 log 366379 124869786199616 Internal Server Error: /api/v1/journals/create
ERROR 2025-10-08 14:31:50,552 basehttp 366379 124869786199616 "POST /api/v1/journals/create HTTP/1.1" 500 157
ERROR 2025-10-08 14:31:50,958 log 366379 124869786199616 Internal Server Error: /api/v1/journals/create
ERROR 2025-10-08 14:31:50,958 basehttp 366379 124869786199616 "POST /api/v1/journals/create HTTP/1.1" 500 157
INFO 2025-10-08 14:32:54,883 autoreload 366379 124870112282432 /home/aswin/MindNotes/mindnotesBackend/journals/mongo_models.py changed, reloading.
INFO 2025-10-08 14:32:55,634 autoreload 367628 126464748660544 Watching for file changes with StatReloader
INFO 2025-10-08 14:33:25,392 autoreload 367628 126464748660544 /home/aswin/MindNotes/mindnotesBackend/core/services.py changed, reloading.
INFO 2025-10-08 14:33:25,928 autoreload 367761 128260223084352 Watching for file changes with StatReloader
INFO 2025-10-08 14:33:34,792 basehttp 367761 128259896370752 "POST /api/v1/journals/create HTTP/1.1" 201 610
INFO 2025-10-08 14:33:38,388 autoreload 367761 128260223084352 /home/aswin/MindNotes/mindnotesBackend/core/services.py changed, reloading.
INFO 2025-10-08 14:33:39,168 autoreload 367980 129266616817472 Watching for file changes with StatReloader
INFO 2025-10-08 14:33:58,666 autoreload 367980 129266616817472 /home/aswin/MindNotes/mindnotesBackend/exports/mongo_models.py changed, reloading.
INFO 2025-10-08 14:33:59,452 autoreload 368084 130849016182592 Watching for file changes with StatReloader
INFO 2025-10-08 14:34:03,539 basehttp 368084 130848688956992 "GET /api/v1/journals/list HTTP/1.1" 200 502
